<?xml version="1.0" encoding="UTF-8"?>
<!-- Generated by org.testng.reporters.JUnitReportReporter -->
<testsuite hostname="Vijay" failures="0" tests="1" name="sampl1_1.TestCase_1" time="6.924" errors="0" timestamp="2022-01-15T12:05:35 IST" skipped="0">
  <testcase classname="sampl1_1.TestCase_1" name="open" time="6.924"/>
  <system-out/>
</testsuite> <!-- sampl1_1.TestCase_1 -->
